build/app/intermediates/manifest_merge_blame_file/debug/manifest-merger-blame-debug-report.txt
1<?xml version="1.0" encoding="utf-8"?>
2<manifest xmlns:android="http://schemas.android.com/apk/res/android"
3    package="com.example.my_info"
4    android:versionCode="1"
5    android:versionName="1.0.0" >
6
7    <uses-sdk
8        android:minSdkVersion="21"
9        android:targetSdkVersion="30" />
10    <!--
11         Flutter needs it to communicate with the running application
12         to allow setting breakpoints, to provide hot reload, etc.
13    -->
14    <uses-permission android:name="android.permission.INTERNET" />
14-->src\main\AndroidManifest.xml:17:4-67
14-->src\main\AndroidManifest.xml:17:21-65
15
16    <queries>
16-->src\main\AndroidManifest.xml:3:5-16:15
17        <intent>
17-->src\main\AndroidManifest.xml:4:9-7:18
18            <action android:name="android.intent.action.VIEW" />
18-->src\main\AndroidManifest.xml:5:13-65
18-->src\main\AndroidManifest.xml:5:21-62
19
20            <data android:scheme="https" />
20-->src\main\AndroidManifest.xml:6:13-44
20-->src\main\AndroidManifest.xml:6:19-41
21        </intent>
22        <intent>
22-->src\main\AndroidManifest.xml:8:9-11:18
23            <action android:name="android.intent.action.DIAL" />
23-->src\main\AndroidManifest.xml:9:13-65
23-->src\main\AndroidManifest.xml:9:21-62
24
25            <data android:scheme="tel" />
25-->src\main\AndroidManifest.xml:6:13-44
25-->src\main\AndroidManifest.xml:6:19-41
26        </intent>
27        <intent>
27-->src\main\AndroidManifest.xml:12:9-15:18
28            <action android:name="android.intent.action.SEND" />
28-->src\main\AndroidManifest.xml:13:13-65
28-->src\main\AndroidManifest.xml:13:21-62
29
30            <data android:mimeType="*/*" />
30-->src\main\AndroidManifest.xml:6:13-44
31        </intent>
32        <intent>
32-->[:file_picker] AndroidManifest.xml:10:9-14:18
33            <action android:name="android.intent.action.GET_CONTENT" />
33-->[:file_picker] AndroidManifest.xml:11:13-72
33-->[:file_picker] AndroidManifest.xml:11:21-69
34
35            <data android:mimeType="*/*" />
35-->src\main\AndroidManifest.xml:6:13-44
36        </intent>
37    </queries>
38
39    <uses-permission android:name="android.permission.WRITE_EXTERNEL_STORAGE" />
39-->src\main\AndroidManifest.xml:18:4-81
39-->src\main\AndroidManifest.xml:18:21-79
40    <uses-permission android:name="android.permission.READ_EXTERNAL_STORAGE" />
40-->src\main\AndroidManifest.xml:19:4-78
40-->src\main\AndroidManifest.xml:19:21-76
41    <uses-permission android:name="android.permission.QUERY_ALL_PACKAGES" /> <!-- Although the *SdkVersion is captured in gradle build files, this is required for non gradle builds -->
41-->src\main\AndroidManifest.xml:60:5-76
41-->src\main\AndroidManifest.xml:60:22-74
42    <!-- <uses-sdk android:minSdkVersion="14"/> -->
43    <uses-permission android:name="android.permission.ACCESS_NETWORK_STATE" />
43-->[com.google.firebase:firebase-storage:19.2.2] AndroidManifest.xml:26:5-79
43-->[com.google.firebase:firebase-storage:19.2.2] AndroidManifest.xml:26:22-76
44    <uses-permission android:name="android.permission.WAKE_LOCK" />
44-->[androidx.work:work-runtime:2.4.0] AndroidManifest.xml:25:5-68
44-->[androidx.work:work-runtime:2.4.0] AndroidManifest.xml:25:22-65
45    <uses-permission android:name="android.permission.RECEIVE_BOOT_COMPLETED" />
45-->[androidx.work:work-runtime:2.4.0] AndroidManifest.xml:27:5-81
45-->[androidx.work:work-runtime:2.4.0] AndroidManifest.xml:27:22-78
46    <uses-permission android:name="android.permission.FOREGROUND_SERVICE" />
46-->[androidx.work:work-runtime:2.4.0] AndroidManifest.xml:28:5-77
46-->[androidx.work:work-runtime:2.4.0] AndroidManifest.xml:28:22-74
47
48    <application
48-->src\main\AndroidManifest.xml:21:4-59:19
49        android:appComponentFactory="androidx.core.app.CoreComponentFactory"
49-->[androidx.core:core:1.3.1] AndroidManifest.xml:24:18-86
50        android:debuggable="true"
51        android:icon="@mipmap/ic_launcher"
51-->src\main\AndroidManifest.xml:24:9-43
52        android:label="my_info"
52-->src\main\AndroidManifest.xml:22:9-32
53        android:requestLegacyExternalStorage="true" >
53-->src\main\AndroidManifest.xml:23:9-54
54        <activity
54-->src\main\AndroidManifest.xml:25:9-53:20
55            android:name="com.example.my_info.MainActivity"
55-->src\main\AndroidManifest.xml:26:13-41
56            android:configChanges="orientation|keyboardHidden|keyboard|screenSize|smallestScreenSize|locale|layoutDirection|fontScale|screenLayout|density|uiMode"
56-->src\main\AndroidManifest.xml:29:13-163
57            android:hardwareAccelerated="true"
57-->src\main\AndroidManifest.xml:30:13-47
58            android:launchMode="singleTop"
58-->src\main\AndroidManifest.xml:27:13-43
59            android:theme="@style/LaunchTheme"
59-->src\main\AndroidManifest.xml:28:13-47
60            android:windowSoftInputMode="adjustResize" >
60-->src\main\AndroidManifest.xml:31:13-55
61
62            <!--
63                 Specifies an Android theme to apply to this Activity as soon as
64                 the Android process has started. This theme is visible to the user
65                 while the Flutter UI initializes. After that, this theme continues
66                 to determine the Window background behind the Flutter UI.
67            -->
68            <meta-data
68-->src\main\AndroidManifest.xml:36:13-39:17
69                android:name="io.flutter.embedding.android.NormalTheme"
69-->src\main\AndroidManifest.xml:37:15-70
70                android:resource="@style/NormalTheme" />
70-->src\main\AndroidManifest.xml:38:15-52
71            <!--
72                 Displays an Android View that continues showing the launch screen
73                 Drawable until Flutter paints its first frame, then this splash
74                 screen fades out. A splash screen is useful to avoid any visual
75                 gap between the end of Android's launch screen and the painting of
76                 Flutter's first frame.
77            -->
78            <meta-data
78-->src\main\AndroidManifest.xml:45:13-48:17
79                android:name="io.flutter.embedding.android.SplashScreenDrawable"
79-->src\main\AndroidManifest.xml:46:15-79
80                android:resource="@drawable/launch_background" />
80-->src\main\AndroidManifest.xml:47:15-61
81
82            <intent-filter>
82-->src\main\AndroidManifest.xml:49:13-52:29
83                <action android:name="android.intent.action.MAIN" />
83-->src\main\AndroidManifest.xml:50:17-68
83-->src\main\AndroidManifest.xml:50:25-66
84
85                <category android:name="android.intent.category.LAUNCHER" />
85-->src\main\AndroidManifest.xml:51:17-76
85-->src\main\AndroidManifest.xml:51:27-74
86            </intent-filter>
87        </activity>
88        <!--
89             Don't delete the meta-data below.
90             This is used by the Flutter tool to generate GeneratedPluginRegistrant.java
91        -->
92        <meta-data
92-->src\main\AndroidManifest.xml:56:9-58:33
93            android:name="flutterEmbedding"
93-->src\main\AndroidManifest.xml:57:13-44
94            android:value="2" />
94-->src\main\AndroidManifest.xml:58:13-30
95
96        <service
96-->[:firebase_database] AndroidManifest.xml:8:9-12:19
97            android:name="com.google.firebase.components.ComponentDiscoveryService"
97-->[:firebase_database] AndroidManifest.xml:8:18-89
98            android:directBootAware="true"
98-->[com.google.firebase:firebase-common:19.5.0] AndroidManifest.xml:35:13-43
99            android:exported="false" >
99-->[com.google.firebase:firebase-storage:19.2.2] AndroidManifest.xml:32:13-37
100            <meta-data
100-->[:firebase_database] AndroidManifest.xml:9:13-11:85
101                android:name="com.google.firebase.components:io.flutter.plugins.firebase.database.FlutterFirebaseAppRegistrar"
101-->[:firebase_database] AndroidManifest.xml:10:17-127
102                android:value="com.google.firebase.components.ComponentRegistrar" />
102-->[:firebase_database] AndroidManifest.xml:11:17-82
103            <meta-data
103-->[:firebase_storage] AndroidManifest.xml:9:13-11:85
104                android:name="com.google.firebase.components:io.flutter.plugins.firebase.storage.FlutterFirebaseAppRegistrar"
104-->[:firebase_storage] AndroidManifest.xml:10:17-126
105                android:value="com.google.firebase.components.ComponentRegistrar" />
105-->[:firebase_storage] AndroidManifest.xml:11:17-82
106            <meta-data
106-->[:firebase_core] AndroidManifest.xml:9:13-11:85
107                android:name="com.google.firebase.components:io.flutter.plugins.firebase.core.FlutterFirebaseCoreRegistrar"
107-->[:firebase_core] AndroidManifest.xml:10:17-124
108                android:value="com.google.firebase.components.ComponentRegistrar" />
108-->[:firebase_core] AndroidManifest.xml:11:17-82
109            <meta-data
109-->[com.google.firebase:firebase-storage:19.2.2] AndroidManifest.xml:33:13-35:85
110                android:name="com.google.firebase.components:com.google.firebase.storage.StorageRegistrar"
110-->[com.google.firebase:firebase-storage:19.2.2] AndroidManifest.xml:34:17-107
111                android:value="com.google.firebase.components.ComponentRegistrar" />
111-->[com.google.firebase:firebase-storage:19.2.2] AndroidManifest.xml:35:17-82
112            <meta-data
112-->[com.google.firebase:firebase-database:19.7.0] AndroidManifest.xml:32:13-34:85
113                android:name="com.google.firebase.components:com.google.firebase.database.DatabaseRegistrar"
113-->[com.google.firebase:firebase-database:19.7.0] AndroidManifest.xml:33:17-109
114                android:value="com.google.firebase.components.ComponentRegistrar" />
114-->[com.google.firebase:firebase-database:19.7.0] AndroidManifest.xml:34:17-82
115            <!--
116                This registrar is not defined in the dynamic-module-support sdk itself to allow non-firebase
117                clients to use it as well, by defining this registrar in their own core/common library.
118            -->
119            <meta-data
119-->[com.google.firebase:firebase-common:19.5.0] AndroidManifest.xml:43:13-45:85
120                android:name="com.google.firebase.components:com.google.firebase.dynamicloading.DynamicLoadingRegistrar"
120-->[com.google.firebase:firebase-common:19.5.0] AndroidManifest.xml:44:17-121
121                android:value="com.google.firebase.components.ComponentRegistrar" />
121-->[com.google.firebase:firebase-common:19.5.0] AndroidManifest.xml:45:17-82
122        </service>
123
124        <activity
124-->[:url_launcher] AndroidManifest.xml:8:9-11:74
125            android:name="io.flutter.plugins.urllauncher.WebViewActivity"
125-->[:url_launcher] AndroidManifest.xml:9:13-74
126            android:exported="false"
126-->[:url_launcher] AndroidManifest.xml:10:13-37
127            android:theme="@android:style/Theme.NoTitleBar.Fullscreen" />
127-->[:url_launcher] AndroidManifest.xml:11:13-71
128
129        <provider
129-->[com.google.firebase:firebase-common:19.5.0] AndroidManifest.xml:26:9-31:39
130            android:name="com.google.firebase.provider.FirebaseInitProvider"
130-->[com.google.firebase:firebase-common:19.5.0] AndroidManifest.xml:27:13-77
131            android:authorities="com.example.my_info.firebaseinitprovider"
131-->[com.google.firebase:firebase-common:19.5.0] AndroidManifest.xml:28:13-72
132            android:directBootAware="true"
132-->[com.google.firebase:firebase-common:19.5.0] AndroidManifest.xml:29:13-43
133            android:exported="false"
133-->[com.google.firebase:firebase-common:19.5.0] AndroidManifest.xml:30:13-37
134            android:initOrder="100" />
134-->[com.google.firebase:firebase-common:19.5.0] AndroidManifest.xml:31:13-36
135        <provider
135-->[androidx.work:work-runtime:2.4.0] AndroidManifest.xml:31:9-37:35
136            android:name="androidx.work.impl.WorkManagerInitializer"
136-->[androidx.work:work-runtime:2.4.0] AndroidManifest.xml:32:13-69
137            android:authorities="com.example.my_info.workmanager-init"
137-->[androidx.work:work-runtime:2.4.0] AndroidManifest.xml:33:13-68
138            android:directBootAware="false"
138-->[androidx.work:work-runtime:2.4.0] AndroidManifest.xml:34:13-44
139            android:exported="false"
139-->[androidx.work:work-runtime:2.4.0] AndroidManifest.xml:35:13-37
140            android:multiprocess="true" />
140-->[androidx.work:work-runtime:2.4.0] AndroidManifest.xml:36:13-40
141
142        <service
142-->[androidx.work:work-runtime:2.4.0] AndroidManifest.xml:39:9-44:35
143            android:name="androidx.work.impl.background.systemalarm.SystemAlarmService"
143-->[androidx.work:work-runtime:2.4.0] AndroidManifest.xml:40:13-88
144            android:directBootAware="false"
144-->[androidx.work:work-runtime:2.4.0] AndroidManifest.xml:41:13-44
145            android:enabled="@bool/enable_system_alarm_service_default"
145-->[androidx.work:work-runtime:2.4.0] AndroidManifest.xml:42:13-72
146            android:exported="false" />
146-->[androidx.work:work-runtime:2.4.0] AndroidManifest.xml:43:13-37
147        <service
147-->[androidx.work:work-runtime:2.4.0] AndroidManifest.xml:45:9-51:35
148            android:name="androidx.work.impl.background.systemjob.SystemJobService"
148-->[androidx.work:work-runtime:2.4.0] AndroidManifest.xml:46:13-84
149            android:directBootAware="false"
149-->[androidx.work:work-runtime:2.4.0] AndroidManifest.xml:47:13-44
150            android:enabled="@bool/enable_system_job_service_default"
150-->[androidx.work:work-runtime:2.4.0] AndroidManifest.xml:48:13-70
151            android:exported="true"
151-->[androidx.work:work-runtime:2.4.0] AndroidManifest.xml:49:13-36
152            android:permission="android.permission.BIND_JOB_SERVICE" />
152-->[androidx.work:work-runtime:2.4.0] AndroidManifest.xml:50:13-69
153        <service
153-->[androidx.work:work-runtime:2.4.0] AndroidManifest.xml:52:9-57:35
154            android:name="androidx.work.impl.foreground.SystemForegroundService"
154-->[androidx.work:work-runtime:2.4.0] AndroidManifest.xml:53:13-81
155            android:directBootAware="false"
155-->[androidx.work:work-runtime:2.4.0] AndroidManifest.xml:54:13-44
156            android:enabled="@bool/enable_system_foreground_service_default"
156-->[androidx.work:work-runtime:2.4.0] AndroidManifest.xml:55:13-77
157            android:exported="false" />
157-->[androidx.work:work-runtime:2.4.0] AndroidManifest.xml:56:13-37
158
159        <receiver
159-->[androidx.work:work-runtime:2.4.0] AndroidManifest.xml:59:9-64:35
160            android:name="androidx.work.impl.utils.ForceStopRunnable$BroadcastReceiver"
160-->[androidx.work:work-runtime:2.4.0] AndroidManifest.xml:60:13-88
161            android:directBootAware="false"
161-->[androidx.work:work-runtime:2.4.0] AndroidManifest.xml:61:13-44
162            android:enabled="true"
162-->[androidx.work:work-runtime:2.4.0] AndroidManifest.xml:62:13-35
163            android:exported="false" />
163-->[androidx.work:work-runtime:2.4.0] AndroidManifest.xml:63:13-37
164        <receiver
164-->[androidx.work:work-runtime:2.4.0] AndroidManifest.xml:65:9-75:20
165            android:name="androidx.work.impl.background.systemalarm.ConstraintProxy$BatteryChargingProxy"
165-->[androidx.work:work-runtime:2.4.0] AndroidManifest.xml:66:13-106
166            android:directBootAware="false"
166-->[androidx.work:work-runtime:2.4.0] AndroidManifest.xml:67:13-44
167            android:enabled="false"
167-->[androidx.work:work-runtime:2.4.0] AndroidManifest.xml:68:13-36
168            android:exported="false" >
168-->[androidx.work:work-runtime:2.4.0] AndroidManifest.xml:69:13-37
169            <intent-filter>
169-->[androidx.work:work-runtime:2.4.0] AndroidManifest.xml:71:13-74:29
170                <action android:name="android.intent.action.ACTION_POWER_CONNECTED" />
170-->[androidx.work:work-runtime:2.4.0] AndroidManifest.xml:72:17-87
170-->[androidx.work:work-runtime:2.4.0] AndroidManifest.xml:72:25-84
171                <action android:name="android.intent.action.ACTION_POWER_DISCONNECTED" />
171-->[androidx.work:work-runtime:2.4.0] AndroidManifest.xml:73:17-90
171-->[androidx.work:work-runtime:2.4.0] AndroidManifest.xml:73:25-87
172            </intent-filter>
173        </receiver>
174        <receiver
174-->[androidx.work:work-runtime:2.4.0] AndroidManifest.xml:76:9-86:20
175            android:name="androidx.work.impl.background.systemalarm.ConstraintProxy$BatteryNotLowProxy"
175-->[androidx.work:work-runtime:2.4.0] AndroidManifest.xml:77:13-104
176            android:directBootAware="false"
176-->[androidx.work:work-runtime:2.4.0] AndroidManifest.xml:78:13-44
177            android:enabled="false"
177-->[androidx.work:work-runtime:2.4.0] AndroidManifest.xml:79:13-36
178            android:exported="false" >
178-->[androidx.work:work-runtime:2.4.0] AndroidManifest.xml:80:13-37
179            <intent-filter>
179-->[androidx.work:work-runtime:2.4.0] AndroidManifest.xml:82:13-85:29
180                <action android:name="android.intent.action.BATTERY_OKAY" />
180-->[androidx.work:work-runtime:2.4.0] AndroidManifest.xml:83:17-77
180-->[androidx.work:work-runtime:2.4.0] AndroidManifest.xml:83:25-74
181                <action android:name="android.intent.action.BATTERY_LOW" />
181-->[androidx.work:work-runtime:2.4.0] AndroidManifest.xml:84:17-76
181-->[androidx.work:work-runtime:2.4.0] AndroidManifest.xml:84:25-73
182            </intent-filter>
183        </receiver>
184        <receiver
184-->[androidx.work:work-runtime:2.4.0] AndroidManifest.xml:87:9-97:20
185            android:name="androidx.work.impl.background.systemalarm.ConstraintProxy$StorageNotLowProxy"
185-->[androidx.work:work-runtime:2.4.0] AndroidManifest.xml:88:13-104
186            android:directBootAware="false"
186-->[androidx.work:work-runtime:2.4.0] AndroidManifest.xml:89:13-44
187            android:enabled="false"
187-->[androidx.work:work-runtime:2.4.0] AndroidManifest.xml:90:13-36
188            android:exported="false" >
188-->[androidx.work:work-runtime:2.4.0] AndroidManifest.xml:91:13-37
189            <intent-filter>
189-->[androidx.work:work-runtime:2.4.0] AndroidManifest.xml:93:13-96:29
190                <action android:name="android.intent.action.DEVICE_STORAGE_LOW" />
190-->[androidx.work:work-runtime:2.4.0] AndroidManifest.xml:94:17-83
190-->[androidx.work:work-runtime:2.4.0] AndroidManifest.xml:94:25-80
191                <action android:name="android.intent.action.DEVICE_STORAGE_OK" />
191-->[androidx.work:work-runtime:2.4.0] AndroidManifest.xml:95:17-82
191-->[androidx.work:work-runtime:2.4.0] AndroidManifest.xml:95:25-79
192            </intent-filter>
193        </receiver>
194        <receiver
194-->[androidx.work:work-runtime:2.4.0] AndroidManifest.xml:98:9-107:20
195            android:name="androidx.work.impl.background.systemalarm.ConstraintProxy$NetworkStateProxy"
195-->[androidx.work:work-runtime:2.4.0] AndroidManifest.xml:99:13-103
196            android:directBootAware="false"
196-->[androidx.work:work-runtime:2.4.0] AndroidManifest.xml:100:13-44
197            android:enabled="false"
197-->[androidx.work:work-runtime:2.4.0] AndroidManifest.xml:101:13-36
198            android:exported="false" >
198-->[androidx.work:work-runtime:2.4.0] AndroidManifest.xml:102:13-37
199            <intent-filter>
199-->[androidx.work:work-runtime:2.4.0] AndroidManifest.xml:104:13-106:29
200                <action android:name="android.net.conn.CONNECTIVITY_CHANGE" />
200-->[androidx.work:work-runtime:2.4.0] AndroidManifest.xml:105:17-79
200-->[androidx.work:work-runtime:2.4.0] AndroidManifest.xml:105:25-76
201            </intent-filter>
202        </receiver>
203        <receiver
203-->[androidx.work:work-runtime:2.4.0] AndroidManifest.xml:108:9-119:20
204            android:name="androidx.work.impl.background.systemalarm.RescheduleReceiver"
204-->[androidx.work:work-runtime:2.4.0] AndroidManifest.xml:109:13-88
205            android:directBootAware="false"
205-->[androidx.work:work-runtime:2.4.0] AndroidManifest.xml:110:13-44
206            android:enabled="false"
206-->[androidx.work:work-runtime:2.4.0] AndroidManifest.xml:111:13-36
207            android:exported="false" >
207-->[androidx.work:work-runtime:2.4.0] AndroidManifest.xml:112:13-37
208            <intent-filter>
208-->[androidx.work:work-runtime:2.4.0] AndroidManifest.xml:114:13-118:29
209                <action android:name="android.intent.action.BOOT_COMPLETED" />
209-->[androidx.work:work-runtime:2.4.0] AndroidManifest.xml:115:17-79
209-->[androidx.work:work-runtime:2.4.0] AndroidManifest.xml:115:25-76
210                <action android:name="android.intent.action.TIME_SET" />
210-->[androidx.work:work-runtime:2.4.0] AndroidManifest.xml:116:17-73
210-->[androidx.work:work-runtime:2.4.0] AndroidManifest.xml:116:25-70
211                <action android:name="android.intent.action.TIMEZONE_CHANGED" />
211-->[androidx.work:work-runtime:2.4.0] AndroidManifest.xml:117:17-81
211-->[androidx.work:work-runtime:2.4.0] AndroidManifest.xml:117:25-78
212            </intent-filter>
213        </receiver>
214        <receiver
214-->[androidx.work:work-runtime:2.4.0] AndroidManifest.xml:120:9-129:20
215            android:name="androidx.work.impl.background.systemalarm.ConstraintProxyUpdateReceiver"
215-->[androidx.work:work-runtime:2.4.0] AndroidManifest.xml:121:13-99
216            android:directBootAware="false"
216-->[androidx.work:work-runtime:2.4.0] AndroidManifest.xml:122:13-44
217            android:enabled="@bool/enable_system_alarm_service_default"
217-->[androidx.work:work-runtime:2.4.0] AndroidManifest.xml:123:13-72
218            android:exported="false" >
218-->[androidx.work:work-runtime:2.4.0] AndroidManifest.xml:124:13-37
219            <intent-filter>
219-->[androidx.work:work-runtime:2.4.0] AndroidManifest.xml:126:13-128:29
220                <action android:name="androidx.work.impl.background.systemalarm.UpdateProxies" />
220-->[androidx.work:work-runtime:2.4.0] AndroidManifest.xml:127:17-98
220-->[androidx.work:work-runtime:2.4.0] AndroidManifest.xml:127:25-95
221            </intent-filter>
222        </receiver>
223        <receiver
223-->[androidx.work:work-runtime:2.4.0] AndroidManifest.xml:130:9-140:20
224            android:name="androidx.work.impl.diagnostics.DiagnosticsReceiver"
224-->[androidx.work:work-runtime:2.4.0] AndroidManifest.xml:131:13-78
225            android:directBootAware="false"
225-->[androidx.work:work-runtime:2.4.0] AndroidManifest.xml:132:13-44
226            android:enabled="true"
226-->[androidx.work:work-runtime:2.4.0] AndroidManifest.xml:133:13-35
227            android:exported="true"
227-->[androidx.work:work-runtime:2.4.0] AndroidManifest.xml:134:13-36
228            android:permission="android.permission.DUMP" >
228-->[androidx.work:work-runtime:2.4.0] AndroidManifest.xml:135:13-57
229            <intent-filter>
229-->[androidx.work:work-runtime:2.4.0] AndroidManifest.xml:137:13-139:29
230                <action android:name="androidx.work.diagnostics.REQUEST_DIAGNOSTICS" />
230-->[androidx.work:work-runtime:2.4.0] AndroidManifest.xml:138:17-88
230-->[androidx.work:work-runtime:2.4.0] AndroidManifest.xml:138:25-85
231            </intent-filter>
232        </receiver>
233
234        <activity
234-->[com.google.android.gms:play-services-base:17.0.0] AndroidManifest.xml:23:9-26:75
235            android:name="com.google.android.gms.common.api.GoogleApiActivity"
235-->[com.google.android.gms:play-services-base:17.0.0] AndroidManifest.xml:24:13-79
236            android:exported="false"
236-->[com.google.android.gms:play-services-base:17.0.0] AndroidManifest.xml:25:13-37
237            android:theme="@android:style/Theme.Translucent.NoTitleBar" />
237-->[com.google.android.gms:play-services-base:17.0.0] AndroidManifest.xml:26:13-72
238
239        <meta-data
239-->[com.google.android.gms:play-services-basement:17.0.0] AndroidManifest.xml:23:9-25:69
240            android:name="com.google.android.gms.version"
240-->[com.google.android.gms:play-services-basement:17.0.0] AndroidManifest.xml:24:13-58
241            android:value="@integer/google_play_services_version" />
241-->[com.google.android.gms:play-services-basement:17.0.0] AndroidManifest.xml:25:13-66
242
243        <service
243-->[androidx.room:room-runtime:2.2.5] AndroidManifest.xml:25:9-28:40
244            android:name="androidx.room.MultiInstanceInvalidationService"
244-->[androidx.room:room-runtime:2.2.5] AndroidManifest.xml:26:13-74
245            android:directBootAware="true"
245-->[androidx.room:room-runtime:2.2.5] AndroidManifest.xml:27:13-43
246            android:exported="false" />
246-->[androidx.room:room-runtime:2.2.5] AndroidManifest.xml:28:13-37
247    </application>
248
249</manifest>